2022-04-02 11:34:58,339 INFO  [org.jboss.modules] (main) JBoss Modules version 2.0.0.Final
2022-04-02 11:34:59,058 INFO  [org.jboss.msc] (main) JBoss MSC version 1.4.13.Final
2022-04-02 11:34:59,064 INFO  [org.jboss.threads] (main) JBoss Threads version 2.4.0.Final
2022-04-02 11:34:59,163 INFO  [org.jboss.as] (MSC service thread 1-2) WFLYSRV0049: WildFly Full 26.0.1.Final (WildFly Core 18.0.4.Final) starting
2022-04-02 11:34:59,167 DEBUG [org.jboss.as.config] (MSC service thread 1-2) Configured system properties:
	[Standalone] = 
	awt.toolkit = sun.awt.X11.XToolkit
	file.encoding = UTF-8
	file.separator = /
	java.awt.graphicsenv = sun.awt.X11GraphicsEnvironment
	java.awt.headless = true
	java.awt.printerjob = sun.print.PSPrinterJob
	java.class.path = /home/user/Projects/itmo-web-programming/lab3/target/wildfly-26.0.1.Final/jboss-modules.jar
	java.class.version = 55.0
	java.home = /usr/lib/jvm/java-11-openjdk-11.0.14.1.1-5.fc35.x86_64
	java.io.tmpdir = /tmp
	java.library.path = /usr/java/packages/lib:/usr/lib64:/lib64:/lib:/usr/lib
	java.net.preferIPv4Stack = true
	java.runtime.name = OpenJDK Runtime Environment
	java.runtime.version = 11.0.14.1+1
	java.specification.name = Java Platform API Specification
	java.specification.vendor = Oracle Corporation
	java.specification.version = 11
	java.util.logging.manager = org.jboss.logmanager.LogManager
	java.vendor = Red Hat, Inc.
	java.vendor.url = https://www.redhat.com/
	java.vendor.url.bug = https://bugzilla.redhat.com/enter_bug.cgi?product=Fedora&component=java-11-openjdk&version=35
	java.vendor.version = 18.9
	java.version = 11.0.14.1
	java.version.date = 2022-02-08
	java.vm.compressedOopsMode = 32-bit
	java.vm.info = mixed mode, sharing
	java.vm.name = OpenJDK 64-Bit Server VM
	java.vm.specification.name = Java Virtual Machine Specification
	java.vm.specification.vendor = Oracle Corporation
	java.vm.specification.version = 11
	java.vm.vendor = Red Hat, Inc.
	java.vm.version = 11.0.14.1+1
	javax.management.builder.initial = org.jboss.as.jmx.PluggableMBeanServerBuilder
	jboss.home.dir = /home/user/Projects/itmo-web-programming/lab3/target/wildfly-26.0.1.Final
	jboss.host.name = silicon
	jboss.modules.dir = /home/user/Projects/itmo-web-programming/lab3/target/wildfly-26.0.1.Final/modules
	jboss.modules.system.pkgs = org.jboss.byteman
	jboss.node.name = silicon
	jboss.qualified.host.name = silicon
	jboss.server.base.dir = /home/user/Projects/itmo-web-programming/lab3/target/wildfly-26.0.1.Final/standalone
	jboss.server.config.dir = /home/user/Projects/itmo-web-programming/lab3/target/wildfly-26.0.1.Final/standalone/configuration
	jboss.server.data.dir = /home/user/Projects/itmo-web-programming/lab3/target/wildfly-26.0.1.Final/standalone/data
	jboss.server.deploy.dir = /home/user/Projects/itmo-web-programming/lab3/target/wildfly-26.0.1.Final/standalone/data/content
	jboss.server.log.dir = /home/user/Projects/itmo-web-programming/lab3/target/wildfly-26.0.1.Final/standalone/log
	jboss.server.name = silicon
	jboss.server.persist.config = true
	jboss.server.temp.dir = /home/user/Projects/itmo-web-programming/lab3/target/wildfly-26.0.1.Final/standalone/tmp
	jdk.debug = release
	line.separator = 

	logging.configuration = file:/home/user/Projects/itmo-web-programming/lab3/target/wildfly-26.0.1.Final/standalone/configuration/logging.properties
	module.path = /home/user/Projects/itmo-web-programming/lab3/target/wildfly-26.0.1.Final/modules
	org.jboss.boot.log.file = /home/user/Projects/itmo-web-programming/lab3/target/wildfly-26.0.1.Final/standalone/log/server.log
	org.jboss.resolver.warning = true
	os.arch = amd64
	os.name = Linux
	os.version = 5.16.18-200.fc35.x86_64
	path.separator = :
	sun.arch.data.model = 64
	sun.boot.library.path = /usr/lib/jvm/java-11-openjdk-11.0.14.1.1-5.fc35.x86_64/lib
	sun.cpu.endian = little
	sun.cpu.isalist = 
	sun.desktop = gnome
	sun.io.unicode.encoding = UnicodeLittle
	sun.java.command = /home/user/Projects/itmo-web-programming/lab3/target/wildfly-26.0.1.Final/jboss-modules.jar -mp /home/user/Projects/itmo-web-programming/lab3/target/wildfly-26.0.1.Final/modules org.jboss.as.standalone -Djboss.home.dir=/home/user/Projects/itmo-web-programming/lab3/target/wildfly-26.0.1.Final -Djboss.server.base.dir=/home/user/Projects/itmo-web-programming/lab3/target/wildfly-26.0.1.Final/standalone -Djboss.server.log.dir=/home/user/Projects/itmo-web-programming/lab3/target/wildfly-26.0.1.Final/standalone/log -Djboss.server.config.dir=/home/user/Projects/itmo-web-programming/lab3/target/wildfly-26.0.1.Final/standalone/configuration
	sun.java.launcher = SUN_STANDARD
	sun.jnu.encoding = UTF-8
	sun.management.compiler = HotSpot 64-Bit Tiered Compilers
	sun.os.patch.level = unknown
	user.country = US
	user.dir = /home/user/Projects/itmo-web-programming/lab3
	user.home = /home/user
	user.language = en
	user.name = user
	user.timezone = Europe/Moscow
2022-04-02 11:34:59,171 DEBUG [org.jboss.as.config] (MSC service thread 1-2) VM Arguments: -D[Standalone] -Xms64m -Xmx512m -Djava.net.preferIPv4Stack=true -Djava.awt.headless=true -Djboss.modules.system.pkgs=org.jboss.byteman -Dorg.jboss.boot.log.file=/home/user/Projects/itmo-web-programming/lab3/target/wildfly-26.0.1.Final/standalone/log/server.log -Dlogging.configuration=file:/home/user/Projects/itmo-web-programming/lab3/target/wildfly-26.0.1.Final/standalone/configuration/logging.properties 
2022-04-02 11:34:59,808 INFO  [org.wildfly.security] (ServerService Thread Pool -- 26) ELY00001: WildFly Elytron version 1.18.3.Final
2022-04-02 11:35:00,341 INFO  [org.jboss.as.server] (Controller Boot Thread) WFLYSRV0039: Creating http management service using socket-binding (management-http)
2022-04-02 11:35:00,358 INFO  [org.xnio] (MSC service thread 1-6) XNIO version 3.8.5.Final
2022-04-02 11:35:00,365 INFO  [org.xnio.nio] (MSC service thread 1-6) XNIO NIO Implementation Version 3.8.5.Final
2022-04-02 11:35:00,390 INFO  [org.wildfly.extension.elytron.oidc._private] (ServerService Thread Pool -- 52) WFLYOIDC0001: Activating WildFly Elytron OIDC Subsystem
2022-04-02 11:35:00,395 INFO  [org.jboss.as.clustering.infinispan] (ServerService Thread Pool -- 54) WFLYCLINF0001: Activating Infinispan subsystem.
2022-04-02 11:35:00,393 INFO  [org.jboss.as.jaxrs] (ServerService Thread Pool -- 56) WFLYRS0016: RESTEasy version 4.7.4.Final
2022-04-02 11:35:00,400 INFO  [org.wildfly.extension.microprofile.jwt.smallrye] (ServerService Thread Pool -- 65) WFLYJWT0001: Activating MicroProfile JWT Subsystem
2022-04-02 11:35:00,402 INFO  [org.wildfly.extension.health] (ServerService Thread Pool -- 53) WFLYHEALTH0001: Activating Base Health Subsystem
2022-04-02 11:35:00,408 INFO  [org.wildfly.extension.microprofile.opentracing] (ServerService Thread Pool -- 66) WFLYTRACEXT0001: Activating MicroProfile OpenTracing Subsystem
2022-04-02 11:35:00,410 INFO  [org.wildfly.extension.microprofile.config.smallrye] (ServerService Thread Pool -- 64) WFLYCONF0001: Activating MicroProfile Config Subsystem
2022-04-02 11:35:00,411 WARN  [org.jboss.as.txn] (ServerService Thread Pool -- 74) WFLYTX0013: The node-identifier attribute on the /subsystem=transactions is set to the default value. This is a danger for environments running multiple servers. Please make sure the attribute value is unique.
2022-04-02 11:35:00,409 INFO  [org.wildfly.extension.io] (ServerService Thread Pool -- 55) WFLYIO001: Worker 'default' has auto-configured to 24 IO threads with 192 max task threads based on your 12 available processors
2022-04-02 11:35:00,415 INFO  [org.jboss.as.naming] (ServerService Thread Pool -- 67) WFLYNAM0001: Activating Naming Subsystem
2022-04-02 11:35:00,416 INFO  [org.jboss.as.connector] (MSC service thread 1-4) WFLYJCA0009: Starting Jakarta Connectors Subsystem (WildFly/IronJacamar 1.5.3.Final)
2022-04-02 11:35:00,434 INFO  [org.wildfly.extension.metrics] (ServerService Thread Pool -- 63) WFLYMETRICS0001: Activating Base Metrics Subsystem
2022-04-02 11:35:00,442 INFO  [org.jboss.as.webservices] (ServerService Thread Pool -- 76) WFLYWS0002: Activating WebServices Extension
2022-04-02 11:35:00,440 INFO  [org.jboss.as.jsf] (ServerService Thread Pool -- 61) WFLYJSF0007: Activated the following Jakarta Server Faces Implementations: [main]
2022-04-02 11:35:00,467 INFO  [org.jboss.as.connector.subsystems.datasources] (ServerService Thread Pool -- 44) WFLYJCA0004: Deploying JDBC-compliant driver class org.h2.Driver (version 1.4)
2022-04-02 11:35:00,482 INFO  [org.jboss.as.connector.deployers.jdbc] (MSC service thread 1-8) WFLYJCA0018: Started Driver service with driver-name = h2
2022-04-02 11:35:00,486 INFO  [org.jboss.remoting] (MSC service thread 1-2) JBoss Remoting version 5.0.23.Final
2022-04-02 11:35:00,512 INFO  [org.jboss.as.naming] (MSC service thread 1-3) WFLYNAM0003: Starting Naming Service
2022-04-02 11:35:00,513 INFO  [org.jboss.as.mail.extension] (MSC service thread 1-8) WFLYMAIL0001: Bound mail session [java:jboss/mail/Default]
2022-04-02 11:35:00,546 INFO  [org.wildfly.extension.undertow] (MSC service thread 1-8) WFLYUT0003: Undertow 2.2.14.Final starting
2022-04-02 11:35:00,565 WARN  [org.wildfly.extension.elytron] (MSC service thread 1-5) WFLYELY00023: KeyStore file '/home/user/Projects/itmo-web-programming/lab3/target/wildfly-26.0.1.Final/standalone/configuration/application.keystore' does not exist. Used blank.
2022-04-02 11:35:00,582 WARN  [org.wildfly.extension.elytron] (MSC service thread 1-6) WFLYELY01084: KeyStore /home/user/Projects/itmo-web-programming/lab3/target/wildfly-26.0.1.Final/standalone/configuration/application.keystore not found, it will be auto generated on first use with a self-signed certificate for host localhost
2022-04-02 11:35:00,659 INFO  [org.wildfly.extension.undertow] (ServerService Thread Pool -- 75) WFLYUT0014: Creating file handler for path '/home/user/Projects/itmo-web-programming/lab3/target/wildfly-26.0.1.Final/welcome-content' with options [directory-listing: 'false', follow-symlink: 'false', case-sensitive: 'true', safe-symlink-paths: '[]']
2022-04-02 11:35:00,665 INFO  [org.jboss.as.ejb3] (MSC service thread 1-3) WFLYEJB0482: Strict pool mdb-strict-max-pool is using a max instance size of 48 (per class), which is derived from the number of CPUs on this host.
2022-04-02 11:35:00,665 INFO  [org.jboss.as.ejb3] (MSC service thread 1-4) WFLYEJB0481: Strict pool slsb-strict-max-pool is using a max instance size of 192 (per class), which is derived from thread worker pool sizing.
2022-04-02 11:35:00,699 INFO  [org.wildfly.extension.undertow] (MSC service thread 1-6) WFLYUT0012: Started server default-server.
2022-04-02 11:35:00,712 INFO  [org.wildfly.extension.undertow] (MSC service thread 1-7) Queuing requests.
2022-04-02 11:35:00,713 INFO  [org.wildfly.extension.undertow] (MSC service thread 1-7) WFLYUT0018: Host default-host starting
2022-04-02 11:35:00,775 INFO  [org.wildfly.extension.undertow] (MSC service thread 1-6) WFLYUT0006: Undertow HTTP listener default listening on 127.0.0.1:8080
2022-04-02 11:35:00,939 INFO  [org.jboss.as.ejb3] (MSC service thread 1-6) WFLYEJB0493: Jakarta Enterprise Beans subsystem suspension complete
2022-04-02 11:35:00,999 INFO  [org.wildfly.extension.undertow] (MSC service thread 1-3) WFLYUT0006: Undertow HTTPS listener https listening on 127.0.0.1:8443
2022-04-02 11:35:01,081 INFO  [org.jboss.as.connector.subsystems.datasources] (MSC service thread 1-5) WFLYJCA0001: Bound data source [java:jboss/datasources/ExampleDS]
2022-04-02 11:35:01,134 INFO  [org.jboss.as.patching] (MSC service thread 1-1) WFLYPAT0050: WildFly Full cumulative patch ID is: base, one-off patches include: none
2022-04-02 11:35:01,146 INFO  [org.jboss.as.server.deployment.scanner] (MSC service thread 1-5) WFLYDS0013: Started FileSystemDeploymentService for directory /home/user/Projects/itmo-web-programming/lab3/target/wildfly-26.0.1.Final/standalone/deployments
2022-04-02 11:35:01,203 INFO  [org.jboss.ws.common.management] (MSC service thread 1-4) JBWS022052: Starting JBossWS 5.4.4.Final (Apache CXF 3.4.5) 
2022-04-02 11:35:01,317 INFO  [org.jboss.as.server] (Controller Boot Thread) WFLYSRV0212: Resuming server
2022-04-02 11:35:01,320 INFO  [org.jboss.as] (Controller Boot Thread) WFLYSRV0025: WildFly Full 26.0.1.Final (WildFly Core 18.0.4.Final) started in 3482ms - Started 298 of 538 services (337 services are lazy, passive or on-demand)
2022-04-02 11:35:01,323 INFO  [org.jboss.as] (Controller Boot Thread) WFLYSRV0060: Http management interface listening on http://127.0.0.1:9990/management
2022-04-02 11:35:01,323 INFO  [org.jboss.as] (Controller Boot Thread) WFLYSRV0051: Admin console listening on http://127.0.0.1:9990
2022-04-02 11:35:01,650 INFO  [org.jboss.as.repository] (management-handler-thread - 1) WFLYDR0001: Content added at location /home/user/Projects/itmo-web-programming/lab3/target/wildfly-26.0.1.Final/standalone/data/content/6b/a522d85a23ee5b75a3342f4e6fc7a199eee90b/content
2022-04-02 11:35:01,682 INFO  [org.jboss.as.server.deployment] (MSC service thread 1-1) WFLYSRV0027: Starting deployment of "lab3.war" (runtime-name: "lab3.war")
2022-04-02 11:35:03,293 INFO  [org.jboss.as.jpa] (MSC service thread 1-1) WFLYJPA0002: Read persistence.xml for TestUnit
2022-04-02 11:35:03,449 INFO  [org.jipijapa] (MSC service thread 1-6) JIPIORMV53020253: Second level cache enabled for lab3.war#TestUnit
2022-04-02 11:35:03,761 INFO  [org.jboss.weld.deployer] (MSC service thread 1-2) WFLYWELD0003: Processing weld deployment lab3.war
2022-04-02 11:35:03,828 INFO  [org.infinispan.CONTAINER] (ServerService Thread Pool -- 78) ISPN000128: Infinispan version: Infinispan 'Taedonggang' 12.1.7.Final
2022-04-02 11:35:03,872 INFO  [org.hibernate.validator.internal.util.Version] (MSC service thread 1-2) HV000001: Hibernate Validator 6.0.22.Final
2022-04-02 11:35:03,876 INFO  [org.jboss.as.jpa] (ServerService Thread Pool -- 78) WFLYJPA0010: Starting Persistence Unit (phase 1 of 2) Service 'lab3.war#TestUnit'
2022-04-02 11:35:03,895 INFO  [org.hibernate.jpa.internal.util.LogHelper] (ServerService Thread Pool -- 78) HHH000204: Processing PersistenceUnitInfo [
	name: TestUnit
	...]
2022-04-02 11:35:03,958 INFO  [org.hibernate.Version] (ServerService Thread Pool -- 78) HHH000412: Hibernate Core {5.3.24.Final}
2022-04-02 11:35:03,959 INFO  [org.hibernate.cfg.Environment] (ServerService Thread Pool -- 78) HHH000206: hibernate.properties not found
2022-04-02 11:35:04,105 INFO  [org.hibernate.annotations.common.Version] (ServerService Thread Pool -- 78) HCANN000001: Hibernate Commons Annotations {5.0.5.Final}
2022-04-02 11:35:04,179 INFO  [io.jaegertracing.internal.JaegerTracer] (MSC service thread 1-2) No shutdown hook registered: Please call close() manually on application shutdown.
2022-04-02 11:35:04,182 INFO  [org.wildfly.microprofile.opentracing.smallrye] (MSC service thread 1-2) WFLYTRAC0001: Tracer initialized: JaegerTracer(version=Java-1.6.0, serviceName=lab3.war, reporter=RemoteReporter(sender=org.wildfly.extension.microprofile.opentracing.spi.sender.WildFlySender@48bea19d, closeEnqueueTimeout=1000), sampler=ConstSampler(decision=true, tags={sampler.type=const, sampler.param=true}), tags={hostname=silicon, jaeger.version=Java-1.6.0, ip=172.28.18.223}, zipkinSharedRpcSpan=false, expandExceptionLogs=false, useTraceId128Bit=false)
2022-04-02 11:35:04,240 INFO  [org.infinispan.CONFIG] (MSC service thread 1-8) ISPN000152: Passivation configured without an eviction policy being selected. Only manually evicted entities will be passivated.
2022-04-02 11:35:04,242 INFO  [org.infinispan.CONFIG] (MSC service thread 1-8) ISPN000152: Passivation configured without an eviction policy being selected. Only manually evicted entities will be passivated.
2022-04-02 11:35:04,269 INFO  [org.jipijapa] (MSC service thread 1-1) JIPIORMV53020253: Second level cache enabled for lab3.war#TestUnit
2022-04-02 11:35:04,284 INFO  [org.infinispan.CONTAINER] (ServerService Thread Pool -- 78) ISPN000556: Starting user marshaller 'org.wildfly.clustering.infinispan.spi.marshalling.InfinispanProtoStreamMarshaller'
2022-04-02 11:35:04,351 INFO  [org.jboss.as.connector.deployers.jdbc] (MSC service thread 1-1) WFLYJCA0004: Deploying JDBC-compliant driver class org.h2.Driver (version 2.1)
2022-04-02 11:35:04,352 INFO  [org.infinispan.CONTAINER] (ServerService Thread Pool -- 78) ISPN000025: wakeUpInterval is <= 0, not starting expired purge thread
2022-04-02 11:35:04,375 INFO  [org.jboss.as.clustering.infinispan] (ServerService Thread Pool -- 78) WFLYCLINF0002: Started http-remoting-connector cache from ejb container
2022-04-02 11:35:04,375 INFO  [org.jboss.weld.Version] (MSC service thread 1-1) WELD-000900: 3.1.8 (Final)
2022-04-02 11:35:04,456 INFO  [org.jboss.as.connector.deployers.jdbc] (MSC service thread 1-8) WFLYJCA0018: Started Driver service with driver-name = lab3.war_org.h2.Driver_2_1
2022-04-02 11:35:04,575 INFO  [org.jboss.as.jpa] (ServerService Thread Pool -- 78) WFLYJPA0010: Starting Persistence Unit (phase 2 of 2) Service 'lab3.war#TestUnit'
2022-04-02 11:35:04,740 INFO  [org.hibernate.dialect.Dialect] (ServerService Thread Pool -- 78) HHH000400: Using dialect: org.hibernate.dialect.H2Dialect
2022-04-02 11:35:04,812 INFO  [org.hibernate.envers.boot.internal.EnversServiceImpl] (ServerService Thread Pool -- 78) Envers integration enabled? : true
2022-04-02 11:35:05,395 INFO  [org.hibernate.tool.schema.internal.SchemaCreatorImpl] (ServerService Thread Pool -- 78) HHH000476: Executing import script 'org.hibernate.tool.schema.internal.exec.ScriptSourceInputNonExistentImpl@5015b88e'
2022-04-02 11:35:05,399 INFO  [org.hibernate.hql.internal.QueryTranslatorFactoryInitiator] (ServerService Thread Pool -- 78) HHH000397: Using ASTQueryTranslatorFactory
2022-04-02 11:35:06,307 INFO  [javax.enterprise.resource.webcontainer.jsf.config] (ServerService Thread Pool -- 37) Initializing Mojarra 2.3.17.SP01 for context '/lab3'
2022-04-02 11:35:06,700 INFO  [org.icefaces.impl.push.servlet.ICEpushResourceHandler] (ServerService Thread Pool -- 37) Ajax Push Resource Handling not available.
2022-04-02 11:35:06,704 INFO  [org.icefaces.util.EnvConfig] (ServerService Thread Pool -- 37) ICEfaces Configuration: 
com.sun.faces.namespaceParameters: false [default]
org.icefaces.render.auto: true [default]
org.icefaces.autoid: true [default]
org.icefaces.aria.enabled: true [default]
org.icefaces.blockUIOnSubmit: false [default]
org.icefaces.compressDOM: false [default]
org.icefaces.compressResources: false [default]
org.icefaces.compressIDs: false [default]
org.icefaces.connectionLostRedirectURI: null [default]
org.icefaces.diffConfig: null [default]
org.icefaces.deltaSubmit: false [default]
org.icefaces.focusManaged: true [default]
org.icefaces.lazyPush: true [default]
org.icefaces.generateHeadUpdate: true [default]
org.icefaces.includeScrollOffsets: true [default]
org.icefaces.reloadOnUpdateFailure: false [default]
org.icefaces.sessionExpiredRedirectURI: null [default]
org.icefaces.sessionTimeoutRedirectURI: null [default]
org.icefaces.standardFormSerialization: false [default]
org.icefaces.strictSessionTimeout: false [default]
org.icefaces.subtreeDiff: true [default]
org.icefaces.windowScopeExpiration = 1000 [default]
org.icefaces.mandatoryResourceConfiguration: none [default]
org.icefaces.uniqueResourceURLs: true [default]
org.icefaces.lazyWindowScope: true [default]
org.icefaces.messagePersistence: true [default]
org.icefaces.disableDefaultErrorPopups: false [default]
org.icefaces.fastBusyIndicator: false [default]
org.icefaces.replayNavigationOnReload: false [default]
org.icefaces.resourceVersion: 4_3_0_180827 [default]
org.icefaces.versionableTypes: */javascript */css image/* [default]
org.icefaces.coalesceResources: false [default]
org.icefaces.warnBeforeSessionExpiryInterval = -1 [default]
org.icefaces.clientSideElementUpdateDetermination: false [default]
org.icefaces.ace.fileEntry.requireJavascript: true [default]
org.icefaces.publicContextPath: null [default]
org.icefaces.redirectOnExceptionMapping: null [default]
org.icefaces.updateNetworkErrorRetryTimeouts: 1000 2000 3000 [default]
org.icefaces.fetchPendingNotificationsOnLoad: true [default]

2022-04-02 11:35:06,732 INFO  [org.icefaces.impl.renderkit.DOMRenderKit] (ServerService Thread Pool -- 37) 
ICEsoft Technologies Canada Corp.
ICEfaces 4.3.0
Build number: x
Build date: 180827
Revision: HEAD

2022-04-02 11:35:07,208 INFO  [org.wildfly.extension.undertow] (ServerService Thread Pool -- 37) WFLYUT0021: Registered web context: '/lab3' for server 'default-server'
2022-04-02 11:35:07,272 INFO  [org.jboss.as.server] (management-handler-thread - 1) WFLYSRV0010: Deployed "lab3.war" (runtime-name : "lab3.war")
2022-04-02 11:37:01,306 WARN  [org.jboss.as.server.deployment.scanner] (DeploymentScanner-threads - 1) WFLYDS0037: /home/user/Projects/itmo-web-programming/lab3/target/wildfly-26.0.1.Final/standalone/deployments does not exist
2022-04-02 11:37:01,308 WARN  [org.jboss.as.server.deployment.scanner] (DeploymentScanner-threads - 1) WFLYDS0043: Deployment directory scan failed due to inaccessible deployment directory: /home/user/Projects/itmo-web-programming/lab3/target/wildfly-26.0.1.Final/standalone/deployments
2022-04-02 11:37:27,260 INFO  [org.jboss.as.server] (Thread-1) WFLYSRV0272: Suspending server
2022-04-02 11:37:27,264 INFO  [org.jboss.as.ejb3] (Thread-1) WFLYEJB0493: Jakarta Enterprise Beans subsystem suspension complete
2022-04-02 11:37:27,268 INFO  [org.jboss.as.server] (Thread-1) WFLYSRV0220: Server shutdown has been requested via an OS signal
2022-04-02 11:37:27,290 INFO  [org.jboss.as.connector.deployers.jdbc] (MSC service thread 1-1) WFLYJCA0019: Stopped Driver service with driver-name = lab3.war_org.h2.Driver_2_1
2022-04-02 11:37:27,303 INFO  [org.jboss.as.mail.extension] (MSC service thread 1-7) WFLYMAIL0002: Unbound mail session [java:jboss/mail/Default]
2022-04-02 11:37:27,306 INFO  [org.wildfly.extension.undertow] (ServerService Thread Pool -- 37) WFLYUT0022: Unregistered web context: '/lab3' from server 'default-server'
2022-04-02 11:37:27,312 WARN  [org.wildfly.extension.undertow] (ServerService Thread Pool -- 37) WFLYUT0017: Could not delete servlet temp file /home/user/Projects/itmo-web-programming/lab3/target/wildfly-26.0.1.Final/standalone/tmp/lab3.war
2022-04-02 11:37:27,327 INFO  [org.wildfly.extension.undertow] (MSC service thread 1-1) WFLYUT0019: Host default-host stopping
2022-04-02 11:37:27,347 INFO  [org.jboss.as.jpa] (ServerService Thread Pool -- 101) WFLYJPA0011: Stopping Persistence Unit (phase 2 of 2) Service 'lab3.war#TestUnit'
2022-04-02 11:37:27,347 INFO  [org.jboss.as.clustering.infinispan] (ServerService Thread Pool -- 99) WFLYCLINF0003: Stopped http-remoting-connector cache from ejb container
2022-04-02 11:37:27,352 INFO  [org.hibernate.orm.beans] (ServerService Thread Pool -- 101) HHH10005004: Stopping BeanContainer : org.hibernate.resource.beans.container.internal.CdiBeanContainerExtendedAccessImpl@4b449993
2022-04-02 11:37:27,355 INFO  [org.infinispan.manager.DefaultCacheManager] (ServerService Thread Pool -- 99) Stopping cache manager null on null
2022-04-02 11:37:27,360 INFO  [org.jboss.as.jpa] (ServerService Thread Pool -- 101) WFLYJPA0011: Stopping Persistence Unit (phase 1 of 2) Service 'lab3.war#TestUnit'
2022-04-02 11:37:27,362 INFO  [org.jboss.as.connector.subsystems.datasources] (MSC service thread 1-2) WFLYJCA0010: Unbound data source [java:jboss/datasources/ExampleDS]
2022-04-02 11:37:27,362 INFO  [org.infinispan.manager.DefaultCacheManager] (ServerService Thread Pool -- 101) Stopping cache manager null on null
2022-04-02 11:37:27,367 INFO  [org.jboss.as.connector.deployers.jdbc] (MSC service thread 1-2) WFLYJCA0019: Stopped Driver service with driver-name = h2
2022-04-02 11:37:27,386 INFO  [org.wildfly.extension.undertow] (MSC service thread 1-4) WFLYUT0008: Undertow HTTP listener default suspending
2022-04-02 11:37:27,386 INFO  [org.wildfly.extension.undertow] (MSC service thread 1-1) WFLYUT0008: Undertow HTTPS listener https suspending
2022-04-02 11:37:27,387 INFO  [org.wildfly.extension.undertow] (MSC service thread 1-4) WFLYUT0007: Undertow HTTP listener default stopped, was bound to 127.0.0.1:8080
2022-04-02 11:37:27,389 INFO  [org.wildfly.extension.undertow] (MSC service thread 1-1) WFLYUT0007: Undertow HTTPS listener https stopped, was bound to 127.0.0.1:8443
2022-04-02 11:37:27,394 INFO  [org.wildfly.extension.undertow] (MSC service thread 1-4) WFLYUT0004: Undertow 2.2.14.Final stopping
2022-04-02 11:37:27,394 INFO  [org.jboss.as.server.deployment] (MSC service thread 1-7) WFLYSRV0028: Stopped deployment lab3.war (runtime-name: lab3.war) in 114ms
2022-04-02 11:37:27,403 INFO  [org.jboss.as] (MSC service thread 1-6) WFLYSRV0050: WildFly Full 26.0.1.Final (WildFly Core 18.0.4.Final) stopped in 122ms
2022-04-02 11:38:04,709 INFO  [org.jboss.as.server.deployment.scanner] (MSC service thread 1-2) WFLYDS0013: Started FileSystemDeploymentService for directory /home/user/Projects/itmo-web-programming/labs/lab3/target/wildfly-26.0.1.Final/standalone/deployments
2022-04-02 11:38:04,717 INFO  [org.jboss.as.server.deployment] (MSC service thread 1-5) WFLYSRV0027: Starting deployment of "lab3.war" (runtime-name: "lab3.war")
2022-04-02 11:38:04,787 INFO  [org.jboss.ws.common.management] (MSC service thread 1-3) JBWS022052: Starting JBossWS 5.4.4.Final (Apache CXF 3.4.5) 
2022-04-02 11:38:06,564 INFO  [org.jboss.as.jpa] (MSC service thread 1-5) WFLYJPA0002: Read persistence.xml for TestUnit
2022-04-02 11:38:06,732 INFO  [org.jipijapa] (MSC service thread 1-5) JIPIORMV53020253: Second level cache enabled for lab3.war#TestUnit
2022-04-02 11:38:07,056 INFO  [org.jboss.weld.deployer] (MSC service thread 1-2) WFLYWELD0003: Processing weld deployment lab3.war
2022-04-02 11:38:07,157 INFO  [org.hibernate.validator.internal.util.Version] (MSC service thread 1-2) HV000001: Hibernate Validator 6.0.22.Final
2022-04-02 11:38:07,163 INFO  [org.infinispan.CONTAINER] (ServerService Thread Pool -- 78) ISPN000128: Infinispan version: Infinispan 'Taedonggang' 12.1.7.Final
2022-04-02 11:38:07,216 INFO  [org.jboss.as.jpa] (ServerService Thread Pool -- 78) WFLYJPA0010: Starting Persistence Unit (phase 1 of 2) Service 'lab3.war#TestUnit'
2022-04-02 11:38:07,233 INFO  [org.hibernate.jpa.internal.util.LogHelper] (ServerService Thread Pool -- 78) HHH000204: Processing PersistenceUnitInfo [
	name: TestUnit
	...]
2022-04-02 11:38:07,292 INFO  [org.hibernate.Version] (ServerService Thread Pool -- 78) HHH000412: Hibernate Core {5.3.24.Final}
2022-04-02 11:38:07,293 INFO  [org.hibernate.cfg.Environment] (ServerService Thread Pool -- 78) HHH000206: hibernate.properties not found
2022-04-02 11:38:07,448 INFO  [org.hibernate.annotations.common.Version] (ServerService Thread Pool -- 78) HCANN000001: Hibernate Commons Annotations {5.0.5.Final}
2022-04-02 11:38:07,507 INFO  [io.jaegertracing.internal.JaegerTracer] (MSC service thread 1-2) No shutdown hook registered: Please call close() manually on application shutdown.
2022-04-02 11:38:07,508 INFO  [org.wildfly.microprofile.opentracing.smallrye] (MSC service thread 1-2) WFLYTRAC0001: Tracer initialized: JaegerTracer(version=Java-1.6.0, serviceName=lab3.war, reporter=RemoteReporter(sender=org.wildfly.extension.microprofile.opentracing.spi.sender.WildFlySender@5e9c1fc4, closeEnqueueTimeout=1000), sampler=ConstSampler(decision=true, tags={sampler.type=const, sampler.param=true}), tags={hostname=silicon, jaeger.version=Java-1.6.0, ip=172.28.18.223}, zipkinSharedRpcSpan=false, expandExceptionLogs=false, useTraceId128Bit=false)
2022-04-02 11:38:07,549 INFO  [org.infinispan.CONFIG] (MSC service thread 1-2) ISPN000152: Passivation configured without an eviction policy being selected. Only manually evicted entities will be passivated.
2022-04-02 11:38:07,552 INFO  [org.infinispan.CONFIG] (MSC service thread 1-2) ISPN000152: Passivation configured without an eviction policy being selected. Only manually evicted entities will be passivated.
2022-04-02 11:38:07,599 INFO  [org.infinispan.CONTAINER] (ServerService Thread Pool -- 78) ISPN000556: Starting user marshaller 'org.wildfly.clustering.infinispan.spi.marshalling.InfinispanProtoStreamMarshaller'
2022-04-02 11:38:07,612 INFO  [org.jipijapa] (MSC service thread 1-6) JIPIORMV53020253: Second level cache enabled for lab3.war#TestUnit
2022-04-02 11:38:07,688 INFO  [org.infinispan.CONTAINER] (ServerService Thread Pool -- 78) ISPN000025: wakeUpInterval is <= 0, not starting expired purge thread
2022-04-02 11:38:07,703 INFO  [org.jboss.as.connector.deployers.jdbc] (MSC service thread 1-6) WFLYJCA0004: Deploying JDBC-compliant driver class org.h2.Driver (version 2.1)
2022-04-02 11:38:07,714 INFO  [org.jboss.as.clustering.infinispan] (ServerService Thread Pool -- 78) WFLYCLINF0002: Started http-remoting-connector cache from ejb container
2022-04-02 11:38:07,723 INFO  [org.jboss.weld.Version] (MSC service thread 1-6) WELD-000900: 3.1.8 (Final)
2022-04-02 11:38:07,790 INFO  [org.jboss.as.connector.deployers.jdbc] (MSC service thread 1-4) WFLYJCA0018: Started Driver service with driver-name = lab3.war_org.h2.Driver_2_1
2022-04-02 11:38:07,911 INFO  [org.jboss.as.jpa] (ServerService Thread Pool -- 78) WFLYJPA0010: Starting Persistence Unit (phase 2 of 2) Service 'lab3.war#TestUnit'
2022-04-02 11:38:08,083 INFO  [org.hibernate.dialect.Dialect] (ServerService Thread Pool -- 78) HHH000400: Using dialect: org.hibernate.dialect.H2Dialect
2022-04-02 11:38:08,138 INFO  [org.hibernate.envers.boot.internal.EnversServiceImpl] (ServerService Thread Pool -- 78) Envers integration enabled? : true
2022-04-02 11:38:08,614 INFO  [org.hibernate.tool.schema.internal.SchemaCreatorImpl] (ServerService Thread Pool -- 78) HHH000476: Executing import script 'org.hibernate.tool.schema.internal.exec.ScriptSourceInputNonExistentImpl@765c2870'
2022-04-02 11:38:08,618 INFO  [org.hibernate.hql.internal.QueryTranslatorFactoryInitiator] (ServerService Thread Pool -- 78) HHH000397: Using ASTQueryTranslatorFactory
2022-04-02 11:38:09,559 INFO  [javax.enterprise.resource.webcontainer.jsf.config] (ServerService Thread Pool -- 98) Initializing Mojarra 2.3.17.SP01 for context '/lab3'
2022-04-02 11:38:09,938 INFO  [org.icefaces.impl.push.servlet.ICEpushResourceHandler] (ServerService Thread Pool -- 98) Ajax Push Resource Handling not available.
2022-04-02 11:38:09,943 INFO  [org.icefaces.util.EnvConfig] (ServerService Thread Pool -- 98) ICEfaces Configuration: 
com.sun.faces.namespaceParameters: false [default]
org.icefaces.render.auto: true [default]
org.icefaces.autoid: true [default]
org.icefaces.aria.enabled: true [default]
org.icefaces.blockUIOnSubmit: false [default]
org.icefaces.compressDOM: false [default]
org.icefaces.compressResources: false [default]
org.icefaces.compressIDs: false [default]
org.icefaces.connectionLostRedirectURI: null [default]
org.icefaces.diffConfig: null [default]
org.icefaces.deltaSubmit: false [default]
org.icefaces.focusManaged: true [default]
org.icefaces.lazyPush: true [default]
org.icefaces.generateHeadUpdate: true [default]
org.icefaces.includeScrollOffsets: true [default]
org.icefaces.reloadOnUpdateFailure: false [default]
org.icefaces.sessionExpiredRedirectURI: null [default]
org.icefaces.sessionTimeoutRedirectURI: null [default]
org.icefaces.standardFormSerialization: false [default]
org.icefaces.strictSessionTimeout: false [default]
org.icefaces.subtreeDiff: true [default]
org.icefaces.windowScopeExpiration = 1000 [default]
org.icefaces.mandatoryResourceConfiguration: none [default]
org.icefaces.uniqueResourceURLs: true [default]
org.icefaces.lazyWindowScope: true [default]
org.icefaces.messagePersistence: true [default]
org.icefaces.disableDefaultErrorPopups: false [default]
org.icefaces.fastBusyIndicator: false [default]
org.icefaces.replayNavigationOnReload: false [default]
org.icefaces.resourceVersion: 4_3_0_180827 [default]
org.icefaces.versionableTypes: */javascript */css image/* [default]
org.icefaces.coalesceResources: false [default]
org.icefaces.warnBeforeSessionExpiryInterval = -1 [default]
org.icefaces.clientSideElementUpdateDetermination: false [default]
org.icefaces.ace.fileEntry.requireJavascript: true [default]
org.icefaces.publicContextPath: null [default]
org.icefaces.redirectOnExceptionMapping: null [default]
org.icefaces.updateNetworkErrorRetryTimeouts: 1000 2000 3000 [default]
org.icefaces.fetchPendingNotificationsOnLoad: true [default]

2022-04-02 11:38:09,981 INFO  [org.icefaces.impl.renderkit.DOMRenderKit] (ServerService Thread Pool -- 98) 
ICEsoft Technologies Canada Corp.
ICEfaces 4.3.0
Build number: x
Build date: 180827
Revision: HEAD

2022-04-02 11:38:10,651 INFO  [org.wildfly.extension.undertow] (ServerService Thread Pool -- 98) WFLYUT0021: Registered web context: '/lab3' for server 'default-server'
2022-04-02 11:38:10,721 INFO  [org.jboss.as.server] (Controller Boot Thread) WFLYSRV0010: Deployed "lab3.war" (runtime-name : "lab3.war")
2022-04-02 11:38:10,768 INFO  [org.jboss.as.server] (Controller Boot Thread) WFLYSRV0212: Resuming server
2022-04-02 11:38:10,773 INFO  [org.jboss.as] (Controller Boot Thread) WFLYSRV0025: WildFly Full 26.0.1.Final (WildFly Core 18.0.4.Final) started in 8962ms - Started 1310 of 1491 services (341 services are lazy, passive or on-demand)
2022-04-02 11:38:10,777 INFO  [org.jboss.as] (Controller Boot Thread) WFLYSRV0060: Http management interface listening on http://127.0.0.1:9990/management
2022-04-02 11:38:10,777 INFO  [org.jboss.as] (Controller Boot Thread) WFLYSRV0051: Admin console listening on http://127.0.0.1:9990
2022-04-02 11:38:11,210 INFO  [org.jboss.as.repository] (management-handler-thread - 1) WFLYDR0001: Content added at location /home/user/Projects/itmo-web-programming/labs/lab3/target/wildfly-26.0.1.Final/standalone/data/content/38/6f500fbcd9ea8d415871222b66dc3d49c20622/content
2022-04-02 11:38:11,229 INFO  [org.jboss.as.connector.deployers.jdbc] (MSC service thread 1-1) WFLYJCA0019: Stopped Driver service with driver-name = lab3.war_org.h2.Driver_2_1
2022-04-02 11:38:11,232 INFO  [org.wildfly.extension.undertow] (ServerService Thread Pool -- 98) WFLYUT0022: Unregistered web context: '/lab3' from server 'default-server'
2022-04-02 11:38:11,280 INFO  [org.jboss.as.jpa] (ServerService Thread Pool -- 27) WFLYJPA0011: Stopping Persistence Unit (phase 2 of 2) Service 'lab3.war#TestUnit'
2022-04-02 11:38:11,283 INFO  [org.hibernate.orm.beans] (ServerService Thread Pool -- 27) HHH10005004: Stopping BeanContainer : org.hibernate.resource.beans.container.internal.CdiBeanContainerExtendedAccessImpl@76c13ac
2022-04-02 11:38:11,288 INFO  [org.jboss.as.jpa] (ServerService Thread Pool -- 27) WFLYJPA0011: Stopping Persistence Unit (phase 1 of 2) Service 'lab3.war#TestUnit'
2022-04-02 11:38:11,315 INFO  [org.infinispan.manager.DefaultCacheManager] (ServerService Thread Pool -- 27) Stopping cache manager null on null
2022-04-02 11:38:11,338 INFO  [org.jboss.as.server.deployment] (MSC service thread 1-7) WFLYSRV0028: Stopped deployment lab3.war (runtime-name: lab3.war) in 115ms
2022-04-02 11:38:11,341 INFO  [org.jboss.as.server.deployment] (MSC service thread 1-1) WFLYSRV0027: Starting deployment of "lab3.war" (runtime-name: "lab3.war")
2022-04-02 11:38:12,452 INFO  [org.jboss.as.jpa] (MSC service thread 1-2) WFLYJPA0002: Read persistence.xml for TestUnit
2022-04-02 11:38:12,493 INFO  [org.jipijapa] (MSC service thread 1-6) JIPIORMV53020253: Second level cache enabled for lab3.war#TestUnit
2022-04-02 11:38:12,516 INFO  [org.jboss.as.jpa] (ServerService Thread Pool -- 27) WFLYJPA0010: Starting Persistence Unit (phase 1 of 2) Service 'lab3.war#TestUnit'
2022-04-02 11:38:12,516 INFO  [org.hibernate.jpa.internal.util.LogHelper] (ServerService Thread Pool -- 27) HHH000204: Processing PersistenceUnitInfo [
	name: TestUnit
	...]
2022-04-02 11:38:12,611 INFO  [org.jboss.weld.deployer] (MSC service thread 1-3) WFLYWELD0003: Processing weld deployment lab3.war
2022-04-02 11:38:12,703 INFO  [io.jaegertracing.internal.JaegerTracer] (MSC service thread 1-3) No shutdown hook registered: Please call close() manually on application shutdown.
2022-04-02 11:38:12,704 INFO  [org.wildfly.microprofile.opentracing.smallrye] (MSC service thread 1-3) WFLYTRAC0001: Tracer initialized: JaegerTracer(version=Java-1.6.0, serviceName=lab3.war, reporter=RemoteReporter(sender=org.wildfly.extension.microprofile.opentracing.spi.sender.WildFlySender@7999d474, closeEnqueueTimeout=1000), sampler=ConstSampler(decision=true, tags={sampler.type=const, sampler.param=true}), tags={hostname=silicon, jaeger.version=Java-1.6.0, ip=172.28.18.223}, zipkinSharedRpcSpan=false, expandExceptionLogs=false, useTraceId128Bit=false)
2022-04-02 11:38:12,734 INFO  [org.jipijapa] (MSC service thread 1-4) JIPIORMV53020253: Second level cache enabled for lab3.war#TestUnit
2022-04-02 11:38:12,767 INFO  [org.jboss.as.connector.deployers.jdbc] (MSC service thread 1-4) WFLYJCA0004: Deploying JDBC-compliant driver class org.h2.Driver (version 2.1)
2022-04-02 11:38:12,790 INFO  [org.jboss.as.connector.deployers.jdbc] (MSC service thread 1-3) WFLYJCA0018: Started Driver service with driver-name = lab3.war_org.h2.Driver_2_1
2022-04-02 11:38:12,797 INFO  [org.jboss.as.jpa] (ServerService Thread Pool -- 27) WFLYJPA0010: Starting Persistence Unit (phase 2 of 2) Service 'lab3.war#TestUnit'
2022-04-02 11:38:12,799 INFO  [org.hibernate.dialect.Dialect] (ServerService Thread Pool -- 27) HHH000400: Using dialect: org.hibernate.dialect.H2Dialect
2022-04-02 11:38:12,808 INFO  [org.hibernate.envers.boot.internal.EnversServiceImpl] (ServerService Thread Pool -- 27) Envers integration enabled? : true
2022-04-02 11:38:12,878 INFO  [org.hibernate.tool.schema.internal.SchemaCreatorImpl] (ServerService Thread Pool -- 27) HHH000476: Executing import script 'org.hibernate.tool.schema.internal.exec.ScriptSourceInputNonExistentImpl@765c2870'
2022-04-02 11:38:12,879 INFO  [org.hibernate.hql.internal.QueryTranslatorFactoryInitiator] (ServerService Thread Pool -- 27) HHH000397: Using ASTQueryTranslatorFactory
2022-04-02 11:38:13,156 INFO  [javax.enterprise.resource.webcontainer.jsf.config] (ServerService Thread Pool -- 27) Initializing Mojarra 2.3.17.SP01 for context '/lab3'
2022-04-02 11:38:13,302 INFO  [org.icefaces.impl.push.servlet.ICEpushResourceHandler] (ServerService Thread Pool -- 27) Ajax Push Resource Handling not available.
2022-04-02 11:38:13,304 INFO  [org.icefaces.util.EnvConfig] (ServerService Thread Pool -- 27) ICEfaces Configuration: 
com.sun.faces.namespaceParameters: false [default]
org.icefaces.render.auto: true [default]
org.icefaces.autoid: true [default]
org.icefaces.aria.enabled: true [default]
org.icefaces.blockUIOnSubmit: false [default]
org.icefaces.compressDOM: false [default]
org.icefaces.compressResources: false [default]
org.icefaces.compressIDs: false [default]
org.icefaces.connectionLostRedirectURI: null [default]
org.icefaces.diffConfig: null [default]
org.icefaces.deltaSubmit: false [default]
org.icefaces.focusManaged: true [default]
org.icefaces.lazyPush: true [default]
org.icefaces.generateHeadUpdate: true [default]
org.icefaces.includeScrollOffsets: true [default]
org.icefaces.reloadOnUpdateFailure: false [default]
org.icefaces.sessionExpiredRedirectURI: null [default]
org.icefaces.sessionTimeoutRedirectURI: null [default]
org.icefaces.standardFormSerialization: false [default]
org.icefaces.strictSessionTimeout: false [default]
org.icefaces.subtreeDiff: true [default]
org.icefaces.windowScopeExpiration = 1000 [default]
org.icefaces.mandatoryResourceConfiguration: none [default]
org.icefaces.uniqueResourceURLs: true [default]
org.icefaces.lazyWindowScope: true [default]
org.icefaces.messagePersistence: true [default]
org.icefaces.disableDefaultErrorPopups: false [default]
org.icefaces.fastBusyIndicator: false [default]
org.icefaces.replayNavigationOnReload: false [default]
org.icefaces.resourceVersion: 4_3_0_180827 [default]
org.icefaces.versionableTypes: */javascript */css image/* [default]
org.icefaces.coalesceResources: false [default]
org.icefaces.warnBeforeSessionExpiryInterval = -1 [default]
org.icefaces.clientSideElementUpdateDetermination: false [default]
org.icefaces.ace.fileEntry.requireJavascript: true [default]
org.icefaces.publicContextPath: null [default]
org.icefaces.redirectOnExceptionMapping: null [default]
org.icefaces.updateNetworkErrorRetryTimeouts: 1000 2000 3000 [default]
org.icefaces.fetchPendingNotificationsOnLoad: true [default]

2022-04-02 11:38:13,314 INFO  [org.icefaces.impl.renderkit.DOMRenderKit] (ServerService Thread Pool -- 27) 
ICEsoft Technologies Canada Corp.
ICEfaces 4.3.0
Build number: x
Build date: 180827
Revision: HEAD

2022-04-02 11:38:13,585 INFO  [org.wildfly.extension.undertow] (ServerService Thread Pool -- 27) WFLYUT0021: Registered web context: '/lab3' for server 'default-server'
2022-04-02 11:38:13,622 INFO  [org.jboss.as.server] (management-handler-thread - 1) WFLYSRV0016: Replaced deployment "lab3.war" with deployment "lab3.war"
2022-04-02 11:38:13,626 INFO  [org.jboss.as.repository] (management-handler-thread - 1) WFLYDR0002: Content removed from location /home/user/Projects/itmo-web-programming/labs/lab3/target/wildfly-26.0.1.Final/standalone/data/content/6b/a522d85a23ee5b75a3342f4e6fc7a199eee90b/content
2022-04-02 11:38:14,410 INFO  [org.hibernate.jpa.internal.util.LogHelper] (default task-1) HHH000204: Processing PersistenceUnitInfo [
	name: TestUnit
	...]
2022-04-02 11:38:14,418 WARN  [org.hibernate.orm.connections.pooling] (default task-1) HHH10001002: Using Hibernate built-in connection pool (not for production use!)
2022-04-02 11:38:14,418 INFO  [org.hibernate.orm.connections.pooling] (default task-1) HHH10001005: using driver [org.h2.Driver] at URL [jdbc:h2:mem:test;DB_CLOSE_DELAY=-1]
2022-04-02 11:38:14,419 INFO  [org.hibernate.orm.connections.pooling] (default task-1) HHH10001001: Connection properties: {password=****, user=sa}
2022-04-02 11:38:14,419 INFO  [org.hibernate.orm.connections.pooling] (default task-1) HHH10001003: Autocommit mode: false
2022-04-02 11:38:14,420 INFO  [org.hibernate.engine.jdbc.connections.internal.DriverManagerConnectionProviderImpl] (default task-1) HHH000115: Hibernate connection pool size: 20 (min=1)
2022-04-02 11:38:14,422 INFO  [org.hibernate.dialect.Dialect] (default task-1) HHH000400: Using dialect: org.hibernate.dialect.H2Dialect
2022-04-02 11:38:14,427 INFO  [org.hibernate.envers.boot.internal.EnversServiceImpl] (default task-1) Envers integration enabled? : true
2022-04-02 11:38:14,431 INFO  [org.hibernate.orm.beans] (default task-1) HHH10005002: No explicit CDI BeanManager reference was passed to Hibernate, but CDI is available on the Hibernate ClassLoader.
2022-04-02 11:38:14,441 INFO  [org.hibernate.orm.connections.access] (default task-1) HHH10001501: Connection obtained from JdbcConnectionAccess [org.hibernate.engine.jdbc.env.internal.JdbcEnvironmentInitiator$ConnectionProviderJdbcConnectionAccess@37735e30] for (non-JTA) DDL execution was not in auto-commit mode; the Connection 'local transaction' will be committed and the Connection will be set into auto-commit mode.
2022-04-02 11:38:14,443 INFO  [org.hibernate.orm.connections.access] (default task-1) HHH10001501: Connection obtained from JdbcConnectionAccess [org.hibernate.engine.jdbc.env.internal.JdbcEnvironmentInitiator$ConnectionProviderJdbcConnectionAccess@5546920d] for (non-JTA) DDL execution was not in auto-commit mode; the Connection 'local transaction' will be committed and the Connection will be set into auto-commit mode.
2022-04-02 11:38:14,445 INFO  [org.hibernate.tool.schema.internal.SchemaCreatorImpl] (default task-1) HHH000476: Executing import script 'org.hibernate.tool.schema.internal.exec.ScriptSourceInputNonExistentImpl@765c2870'
2022-04-02 11:38:14,445 INFO  [org.hibernate.hql.internal.QueryTranslatorFactoryInitiator] (default task-1) HHH000397: Using ASTQueryTranslatorFactory
