2022-03-26 00:14:20,254 INFO  [org.jboss.modules] (main) JBoss Modules version 2.0.0.Final
2022-03-26 00:14:20,800 INFO  [org.jboss.msc] (main) JBoss MSC version 1.4.13.Final
2022-03-26 00:14:20,809 INFO  [org.jboss.threads] (main) JBoss Threads version 2.4.0.Final
2022-03-26 00:14:20,949 INFO  [org.jboss.as] (MSC service thread 1-2) WFLYSRV0049: WildFly Full 26.0.1.Final (WildFly Core 18.0.4.Final) starting
2022-03-26 00:14:20,956 DEBUG [org.jboss.as.config] (MSC service thread 1-2) Configured system properties:
	[Standalone] = 
	awt.toolkit = sun.awt.X11.XToolkit
	file.encoding = UTF-8
	file.separator = /
	java.awt.graphicsenv = sun.awt.X11GraphicsEnvironment
	java.awt.headless = true
	java.awt.printerjob = sun.print.PSPrinterJob
	java.class.path = /home/user/Projects/itmo-web-programming/labs/lab2/target/wildfly-26.0.1.Final/jboss-modules.jar
	java.class.version = 55.0
	java.home = /usr/lib/jvm/java-11-openjdk-11.0.14.1.1-5.fc35.x86_64
	java.io.tmpdir = /tmp
	java.library.path = /usr/java/packages/lib:/usr/lib64:/lib64:/lib:/usr/lib
	java.net.preferIPv4Stack = true
	java.runtime.name = OpenJDK Runtime Environment
	java.runtime.version = 11.0.14.1+1
	java.specification.name = Java Platform API Specification
	java.specification.vendor = Oracle Corporation
	java.specification.version = 11
	java.util.logging.manager = org.jboss.logmanager.LogManager
	java.vendor = Red Hat, Inc.
	java.vendor.url = https://www.redhat.com/
	java.vendor.url.bug = https://bugzilla.redhat.com/enter_bug.cgi?product=Fedora&component=java-11-openjdk&version=35
	java.vendor.version = 18.9
	java.version = 11.0.14.1
	java.version.date = 2022-02-08
	java.vm.compressedOopsMode = 32-bit
	java.vm.info = mixed mode, sharing
	java.vm.name = OpenJDK 64-Bit Server VM
	java.vm.specification.name = Java Virtual Machine Specification
	java.vm.specification.vendor = Oracle Corporation
	java.vm.specification.version = 11
	java.vm.vendor = Red Hat, Inc.
	java.vm.version = 11.0.14.1+1
	javax.management.builder.initial = org.jboss.as.jmx.PluggableMBeanServerBuilder
	jboss.home.dir = /home/user/Projects/itmo-web-programming/labs/lab2/target/wildfly-26.0.1.Final
	jboss.host.name = silicon
	jboss.modules.dir = /home/user/Projects/itmo-web-programming/labs/lab2/target/wildfly-26.0.1.Final/modules
	jboss.modules.system.pkgs = org.jboss.byteman
	jboss.node.name = silicon
	jboss.qualified.host.name = silicon
	jboss.server.base.dir = /home/user/Projects/itmo-web-programming/labs/lab2/target/wildfly-26.0.1.Final/standalone
	jboss.server.config.dir = /home/user/Projects/itmo-web-programming/labs/lab2/target/wildfly-26.0.1.Final/standalone/configuration
	jboss.server.data.dir = /home/user/Projects/itmo-web-programming/labs/lab2/target/wildfly-26.0.1.Final/standalone/data
	jboss.server.deploy.dir = /home/user/Projects/itmo-web-programming/labs/lab2/target/wildfly-26.0.1.Final/standalone/data/content
	jboss.server.log.dir = /home/user/Projects/itmo-web-programming/labs/lab2/target/wildfly-26.0.1.Final/standalone/log
	jboss.server.name = silicon
	jboss.server.persist.config = true
	jboss.server.temp.dir = /home/user/Projects/itmo-web-programming/labs/lab2/target/wildfly-26.0.1.Final/standalone/tmp
	jdk.debug = release
	line.separator = 

	logging.configuration = file:/home/user/Projects/itmo-web-programming/labs/lab2/target/wildfly-26.0.1.Final/standalone/configuration/logging.properties
	module.path = /home/user/Projects/itmo-web-programming/labs/lab2/target/wildfly-26.0.1.Final/modules
	org.jboss.boot.log.file = /home/user/Projects/itmo-web-programming/labs/lab2/target/wildfly-26.0.1.Final/standalone/log/server.log
	org.jboss.resolver.warning = true
	os.arch = amd64
	os.name = Linux
	os.version = 5.16.12-200.fc35.x86_64
	path.separator = :
	sun.arch.data.model = 64
	sun.boot.library.path = /usr/lib/jvm/java-11-openjdk-11.0.14.1.1-5.fc35.x86_64/lib
	sun.cpu.endian = little
	sun.cpu.isalist = 
	sun.desktop = gnome
	sun.io.unicode.encoding = UnicodeLittle
	sun.java.command = /home/user/Projects/itmo-web-programming/labs/lab2/target/wildfly-26.0.1.Final/jboss-modules.jar -mp /home/user/Projects/itmo-web-programming/labs/lab2/target/wildfly-26.0.1.Final/modules org.jboss.as.standalone -Djboss.home.dir=/home/user/Projects/itmo-web-programming/labs/lab2/target/wildfly-26.0.1.Final -Djboss.server.base.dir=/home/user/Projects/itmo-web-programming/labs/lab2/target/wildfly-26.0.1.Final/standalone -Djboss.server.log.dir=/home/user/Projects/itmo-web-programming/labs/lab2/target/wildfly-26.0.1.Final/standalone/log -Djboss.server.config.dir=/home/user/Projects/itmo-web-programming/labs/lab2/target/wildfly-26.0.1.Final/standalone/configuration
	sun.java.launcher = SUN_STANDARD
	sun.jnu.encoding = UTF-8
	sun.management.compiler = HotSpot 64-Bit Tiered Compilers
	sun.os.patch.level = unknown
	user.country = US
	user.dir = /home/user/Projects/itmo-web-programming/labs/lab2
	user.home = /home/user
	user.language = en
	user.name = user
	user.timezone = Europe/Moscow
2022-03-26 00:14:20,959 DEBUG [org.jboss.as.config] (MSC service thread 1-2) VM Arguments: -D[Standalone] -Xms64m -Xmx512m -Djava.net.preferIPv4Stack=true -Djava.awt.headless=true -Djboss.modules.system.pkgs=org.jboss.byteman -Dorg.jboss.boot.log.file=/home/user/Projects/itmo-web-programming/labs/lab2/target/wildfly-26.0.1.Final/standalone/log/server.log -Dlogging.configuration=file:/home/user/Projects/itmo-web-programming/labs/lab2/target/wildfly-26.0.1.Final/standalone/configuration/logging.properties 
2022-03-26 00:14:21,684 INFO  [org.wildfly.security] (ServerService Thread Pool -- 27) ELY00001: WildFly Elytron version 1.18.3.Final
2022-03-26 00:14:22,316 INFO  [org.jboss.as.server] (Controller Boot Thread) WFLYSRV0039: Creating http management service using socket-binding (management-http)
2022-03-26 00:14:22,339 INFO  [org.xnio] (MSC service thread 1-7) XNIO version 3.8.5.Final
2022-03-26 00:14:22,347 INFO  [org.xnio.nio] (MSC service thread 1-7) XNIO NIO Implementation Version 3.8.5.Final
2022-03-26 00:14:22,381 INFO  [org.wildfly.extension.elytron.oidc._private] (ServerService Thread Pool -- 52) WFLYOIDC0001: Activating WildFly Elytron OIDC Subsystem
2022-03-26 00:14:22,388 INFO  [org.jboss.as.clustering.infinispan] (ServerService Thread Pool -- 54) WFLYCLINF0001: Activating Infinispan subsystem.
2022-03-26 00:14:22,391 INFO  [org.jboss.as.jaxrs] (ServerService Thread Pool -- 56) WFLYRS0016: RESTEasy version 4.7.4.Final
2022-03-26 00:14:22,399 INFO  [org.wildfly.extension.health] (ServerService Thread Pool -- 53) WFLYHEALTH0001: Activating Base Health Subsystem
2022-03-26 00:14:22,407 WARN  [org.jboss.as.txn] (ServerService Thread Pool -- 74) WFLYTX0013: The node-identifier attribute on the /subsystem=transactions is set to the default value. This is a danger for environments running multiple servers. Please make sure the attribute value is unique.
2022-03-26 00:14:22,412 INFO  [org.wildfly.extension.microprofile.jwt.smallrye] (ServerService Thread Pool -- 65) WFLYJWT0001: Activating MicroProfile JWT Subsystem
2022-03-26 00:14:22,415 INFO  [org.wildfly.extension.microprofile.config.smallrye] (ServerService Thread Pool -- 64) WFLYCONF0001: Activating MicroProfile Config Subsystem
2022-03-26 00:14:22,417 INFO  [org.wildfly.extension.metrics] (ServerService Thread Pool -- 63) WFLYMETRICS0001: Activating Base Metrics Subsystem
2022-03-26 00:14:22,418 INFO  [org.wildfly.extension.microprofile.opentracing] (ServerService Thread Pool -- 66) WFLYTRACEXT0001: Activating MicroProfile OpenTracing Subsystem
2022-03-26 00:14:22,412 INFO  [org.jboss.as.naming] (ServerService Thread Pool -- 67) WFLYNAM0001: Activating Naming Subsystem
2022-03-26 00:14:22,417 INFO  [org.wildfly.extension.io] (ServerService Thread Pool -- 55) WFLYIO001: Worker 'default' has auto-configured to 24 IO threads with 192 max task threads based on your 12 available processors
2022-03-26 00:14:22,417 INFO  [org.jboss.as.connector] (MSC service thread 1-6) WFLYJCA0009: Starting Jakarta Connectors Subsystem (WildFly/IronJacamar 1.5.3.Final)
2022-03-26 00:14:22,415 INFO  [org.jboss.as.jsf] (ServerService Thread Pool -- 61) WFLYJSF0007: Activated the following Jakarta Server Faces Implementations: [main]
2022-03-26 00:14:22,423 INFO  [org.jboss.as.webservices] (ServerService Thread Pool -- 76) WFLYWS0002: Activating WebServices Extension
2022-03-26 00:14:22,447 INFO  [org.jboss.remoting] (MSC service thread 1-8) JBoss Remoting version 5.0.23.Final
2022-03-26 00:14:22,481 INFO  [org.jboss.as.naming] (MSC service thread 1-7) WFLYNAM0003: Starting Naming Service
2022-03-26 00:14:22,480 INFO  [org.jboss.as.connector.subsystems.datasources] (ServerService Thread Pool -- 44) WFLYJCA0004: Deploying JDBC-compliant driver class org.h2.Driver (version 1.4)
2022-03-26 00:14:22,482 INFO  [org.jboss.as.mail.extension] (MSC service thread 1-5) WFLYMAIL0001: Bound mail session [java:jboss/mail/Default]
2022-03-26 00:14:22,483 INFO  [org.jboss.as.connector.deployers.jdbc] (MSC service thread 1-4) WFLYJCA0018: Started Driver service with driver-name = h2
2022-03-26 00:14:22,531 WARN  [org.wildfly.extension.elytron] (MSC service thread 1-3) WFLYELY00023: KeyStore file '/home/user/Projects/itmo-web-programming/labs/lab2/target/wildfly-26.0.1.Final/standalone/configuration/application.keystore' does not exist. Used blank.
2022-03-26 00:14:22,533 INFO  [org.wildfly.extension.undertow] (MSC service thread 1-1) WFLYUT0003: Undertow 2.2.14.Final starting
2022-03-26 00:14:22,550 WARN  [org.wildfly.extension.elytron] (MSC service thread 1-3) WFLYELY01084: KeyStore /home/user/Projects/itmo-web-programming/labs/lab2/target/wildfly-26.0.1.Final/standalone/configuration/application.keystore not found, it will be auto generated on first use with a self-signed certificate for host localhost
2022-03-26 00:14:22,592 INFO  [org.jboss.as.ejb3] (MSC service thread 1-8) WFLYEJB0481: Strict pool slsb-strict-max-pool is using a max instance size of 192 (per class), which is derived from thread worker pool sizing.
2022-03-26 00:14:22,592 INFO  [org.jboss.as.ejb3] (MSC service thread 1-7) WFLYEJB0482: Strict pool mdb-strict-max-pool is using a max instance size of 48 (per class), which is derived from the number of CPUs on this host.
2022-03-26 00:14:22,608 INFO  [org.wildfly.extension.undertow] (ServerService Thread Pool -- 75) WFLYUT0014: Creating file handler for path '/home/user/Projects/itmo-web-programming/labs/lab2/target/wildfly-26.0.1.Final/welcome-content' with options [directory-listing: 'false', follow-symlink: 'false', case-sensitive: 'true', safe-symlink-paths: '[]']
2022-03-26 00:14:22,615 INFO  [org.wildfly.extension.undertow] (MSC service thread 1-6) WFLYUT0012: Started server default-server.
2022-03-26 00:14:22,616 INFO  [org.wildfly.extension.undertow] (MSC service thread 1-8) Queuing requests.
2022-03-26 00:14:22,618 INFO  [org.wildfly.extension.undertow] (MSC service thread 1-8) WFLYUT0018: Host default-host starting
2022-03-26 00:14:22,651 INFO  [org.wildfly.extension.undertow] (MSC service thread 1-5) WFLYUT0006: Undertow HTTP listener default listening on 127.0.0.1:8080
2022-03-26 00:14:22,719 INFO  [org.wildfly.extension.undertow] (MSC service thread 1-1) WFLYUT0006: Undertow HTTPS listener https listening on 127.0.0.1:8443
2022-03-26 00:14:22,744 INFO  [org.jboss.as.ejb3] (MSC service thread 1-4) WFLYEJB0493: Jakarta Enterprise Beans subsystem suspension complete
2022-03-26 00:14:22,819 INFO  [org.jboss.as.connector.subsystems.datasources] (MSC service thread 1-4) WFLYJCA0001: Bound data source [java:jboss/datasources/ExampleDS]
2022-03-26 00:14:23,004 INFO  [org.jboss.as.server.deployment.scanner] (MSC service thread 1-8) WFLYDS0013: Started FileSystemDeploymentService for directory /home/user/Projects/itmo-web-programming/labs/lab2/target/wildfly-26.0.1.Final/standalone/deployments
2022-03-26 00:14:23,010 INFO  [org.jboss.as.patching] (MSC service thread 1-1) WFLYPAT0050: WildFly Full cumulative patch ID is: base, one-off patches include: none
2022-03-26 00:14:23,086 INFO  [org.jboss.ws.common.management] (MSC service thread 1-3) JBWS022052: Starting JBossWS 5.4.4.Final (Apache CXF 3.4.5) 
2022-03-26 00:14:23,187 INFO  [org.jboss.as.server] (Controller Boot Thread) WFLYSRV0212: Resuming server
2022-03-26 00:14:23,190 INFO  [org.jboss.as] (Controller Boot Thread) WFLYSRV0025: WildFly Full 26.0.1.Final (WildFly Core 18.0.4.Final) started in 3321ms - Started 298 of 538 services (337 services are lazy, passive or on-demand)
2022-03-26 00:14:23,192 INFO  [org.jboss.as] (Controller Boot Thread) WFLYSRV0060: Http management interface listening on http://127.0.0.1:9990/management
2022-03-26 00:14:23,192 INFO  [org.jboss.as] (Controller Boot Thread) WFLYSRV0051: Admin console listening on http://127.0.0.1:9990
2022-03-26 00:14:23,299 INFO  [org.jboss.as.repository] (management-handler-thread - 1) WFLYDR0001: Content added at location /home/user/Projects/itmo-web-programming/labs/lab2/target/wildfly-26.0.1.Final/standalone/data/content/33/4b38ff3d6d80fc7798261a203b7b002de6f2a4/content
2022-03-26 00:14:23,324 INFO  [org.jboss.as.server.deployment] (MSC service thread 1-7) WFLYSRV0027: Starting deployment of "lab2.war" (runtime-name: "lab2.war")
2022-03-26 00:14:24,470 INFO  [org.infinispan.CONTAINER] (ServerService Thread Pool -- 78) ISPN000128: Infinispan version: Infinispan 'Taedonggang' 12.1.7.Final
2022-03-26 00:14:24,516 INFO  [org.infinispan.CONFIG] (MSC service thread 1-7) ISPN000152: Passivation configured without an eviction policy being selected. Only manually evicted entities will be passivated.
2022-03-26 00:14:24,519 INFO  [org.infinispan.CONFIG] (MSC service thread 1-7) ISPN000152: Passivation configured without an eviction policy being selected. Only manually evicted entities will be passivated.
2022-03-26 00:14:24,550 INFO  [org.infinispan.CONTAINER] (ServerService Thread Pool -- 78) ISPN000556: Starting user marshaller 'org.wildfly.clustering.infinispan.spi.marshalling.InfinispanProtoStreamMarshaller'
2022-03-26 00:14:24,606 INFO  [org.infinispan.CONTAINER] (ServerService Thread Pool -- 78) ISPN000025: wakeUpInterval is <= 0, not starting expired purge thread
2022-03-26 00:14:24,624 INFO  [org.jboss.as.clustering.infinispan] (ServerService Thread Pool -- 78) WFLYCLINF0002: Started http-remoting-connector cache from ejb container
2022-03-26 00:14:24,720 INFO  [org.wildfly.extension.undertow] (ServerService Thread Pool -- 11) WFLYUT0021: Registered web context: '/lab2' for server 'default-server'
2022-03-26 00:14:24,773 INFO  [org.jboss.as.server] (management-handler-thread - 1) WFLYSRV0010: Deployed "lab2.war" (runtime-name : "lab2.war")
2022-03-26 00:14:33,330 INFO  [org.jboss.as.server] (Thread-1) WFLYSRV0272: Suspending server
2022-03-26 00:14:33,334 INFO  [org.jboss.as.ejb3] (Thread-1) WFLYEJB0493: Jakarta Enterprise Beans subsystem suspension complete
2022-03-26 00:14:33,340 INFO  [org.jboss.as.server] (Thread-1) WFLYSRV0220: Server shutdown has been requested via an OS signal
2022-03-26 00:14:33,366 INFO  [org.jboss.as.mail.extension] (MSC service thread 1-3) WFLYMAIL0002: Unbound mail session [java:jboss/mail/Default]
2022-03-26 00:14:33,376 INFO  [org.wildfly.extension.undertow] (ServerService Thread Pool -- 34) WFLYUT0022: Unregistered web context: '/lab2' from server 'default-server'
2022-03-26 00:14:33,394 INFO  [org.wildfly.extension.undertow] (MSC service thread 1-2) WFLYUT0019: Host default-host stopping
2022-03-26 00:14:33,396 INFO  [org.jboss.as.connector.subsystems.datasources] (MSC service thread 1-7) WFLYJCA0010: Unbound data source [java:jboss/datasources/ExampleDS]
2022-03-26 00:14:33,400 INFO  [org.jboss.as.connector.deployers.jdbc] (MSC service thread 1-2) WFLYJCA0019: Stopped Driver service with driver-name = h2
2022-03-26 00:14:33,414 INFO  [org.jboss.as.clustering.infinispan] (ServerService Thread Pool -- 18) WFLYCLINF0003: Stopped http-remoting-connector cache from ejb container
2022-03-26 00:14:33,417 INFO  [org.infinispan.manager.DefaultCacheManager] (ServerService Thread Pool -- 18) Stopping cache manager null on null
2022-03-26 00:14:33,433 INFO  [org.wildfly.extension.undertow] (MSC service thread 1-4) WFLYUT0008: Undertow HTTP listener default suspending
2022-03-26 00:14:33,433 INFO  [org.wildfly.extension.undertow] (MSC service thread 1-1) WFLYUT0008: Undertow HTTPS listener https suspending
2022-03-26 00:14:33,434 INFO  [org.wildfly.extension.undertow] (MSC service thread 1-4) WFLYUT0007: Undertow HTTP listener default stopped, was bound to 127.0.0.1:8080
2022-03-26 00:14:33,434 INFO  [org.wildfly.extension.undertow] (MSC service thread 1-1) WFLYUT0007: Undertow HTTPS listener https stopped, was bound to 127.0.0.1:8443
2022-03-26 00:14:33,437 INFO  [org.wildfly.extension.undertow] (MSC service thread 1-5) WFLYUT0004: Undertow 2.2.14.Final stopping
2022-03-26 00:14:33,447 INFO  [org.jboss.as.server.deployment] (MSC service thread 1-6) WFLYSRV0028: Stopped deployment lab2.war (runtime-name: lab2.war) in 95ms
2022-03-26 00:14:33,458 INFO  [org.jboss.as] (MSC service thread 1-3) WFLYSRV0050: WildFly Full 26.0.1.Final (WildFly Core 18.0.4.Final) stopped in 111ms
